Connecting to database specified by database.yml
  [1m[36m (0.2ms)[0m  [1mselect sqlite_version(*)[0m
  [1m[35m (630.4ms)[0m  CREATE TABLE "schema_migrations" ("version" varchar(255) NOT NULL) 
  [1m[36m (507.3ms)[0m  [1mCREATE UNIQUE INDEX "unique_schema_migrations" ON "schema_migrations" ("version")[0m
  [1m[35m (7.9ms)[0m  SELECT "schema_migrations"."version" FROM "schema_migrations" 
Migrating to CreateMovies (20111119180638)
  [1m[36m (0.5ms)[0m  [1mbegin transaction[0m
  [1m[35m (1.4ms)[0m  CREATE TABLE "movies" ("id" INTEGER PRIMARY KEY AUTOINCREMENT NOT NULL, "title" varchar(255), "rating" varchar(255), "description" text, "release_date" datetime, "created_at" datetime NOT NULL, "updated_at" datetime NOT NULL) 
  [1m[36m (0.5ms)[0m  [1mINSERT INTO "schema_migrations" ("version") VALUES ('20111119180638')[0m
  [1m[35m (642.7ms)[0m  commit transaction
  [1m[36m (0.4ms)[0m  [1mSELECT "schema_migrations"."version" FROM "schema_migrations" [0m
Connecting to database specified by database.yml
  [1m[36m (3.7ms)[0m  [1mSELECT "schema_migrations"."version" FROM "schema_migrations" [0m
  [1m[35m (0.1ms)[0m  begin transaction
  [1m[36mSQL (6.7ms)[0m  [1mINSERT INTO "movies" ("created_at", "description", "rating", "release_date", "title", "updated_at") VALUES (?, ?, ?, ?, ?, ?)[0m  [["created_at", Thu, 29 May 2014 23:35:08 UTC +00:00], ["description", nil], ["rating", "G"], ["release_date", Wed, 25 Nov 1992 00:00:00 UTC +00:00], ["title", "Aladdin"], ["updated_at", Thu, 29 May 2014 23:35:08 UTC +00:00]]
  [1m[35m (274.8ms)[0m  commit transaction
  [1m[36m (0.3ms)[0m  [1mbegin transaction[0m
  [1m[35mSQL (1.6ms)[0m  INSERT INTO "movies" ("created_at", "description", "rating", "release_date", "title", "updated_at") VALUES (?, ?, ?, ?, ?, ?)  [["created_at", Thu, 29 May 2014 23:35:08 UTC +00:00], ["description", nil], ["rating", "R"], ["release_date", Fri, 26 Oct 1984 00:00:00 UTC +00:00], ["title", "The Terminator"], ["updated_at", Thu, 29 May 2014 23:35:08 UTC +00:00]]
  [1m[36m (164.4ms)[0m  [1mcommit transaction[0m
  [1m[35m (0.2ms)[0m  begin transaction
  [1m[36mSQL (1.3ms)[0m  [1mINSERT INTO "movies" ("created_at", "description", "rating", "release_date", "title", "updated_at") VALUES (?, ?, ?, ?, ?, ?)[0m  [["created_at", Thu, 29 May 2014 23:35:08 UTC +00:00], ["description", nil], ["rating", "R"], ["release_date", Fri, 21 Jul 1989 00:00:00 UTC +00:00], ["title", "When Harry Met Sally"], ["updated_at", Thu, 29 May 2014 23:35:08 UTC +00:00]]
  [1m[35m (461.1ms)[0m  commit transaction
  [1m[36m (0.1ms)[0m  [1mbegin transaction[0m
  [1m[35mSQL (1.4ms)[0m  INSERT INTO "movies" ("created_at", "description", "rating", "release_date", "title", "updated_at") VALUES (?, ?, ?, ?, ?, ?)  [["created_at", Thu, 29 May 2014 23:35:09 UTC +00:00], ["description", nil], ["rating", "PG-13"], ["release_date", Wed, 10 Aug 2011 00:00:00 UTC +00:00], ["title", "The Help"], ["updated_at", Thu, 29 May 2014 23:35:09 UTC +00:00]]
  [1m[36m (240.6ms)[0m  [1mcommit transaction[0m
  [1m[35m (0.2ms)[0m  begin transaction
  [1m[36mSQL (2.8ms)[0m  [1mINSERT INTO "movies" ("created_at", "description", "rating", "release_date", "title", "updated_at") VALUES (?, ?, ?, ?, ?, ?)[0m  [["created_at", Thu, 29 May 2014 23:35:09 UTC +00:00], ["description", nil], ["rating", "PG-13"], ["release_date", Fri, 05 Jan 2001 00:00:00 UTC +00:00], ["title", "Chocolat"], ["updated_at", Thu, 29 May 2014 23:35:09 UTC +00:00]]
  [1m[35m (191.3ms)[0m  commit transaction
  [1m[36m (0.1ms)[0m  [1mbegin transaction[0m
  [1m[35mSQL (1.1ms)[0m  INSERT INTO "movies" ("created_at", "description", "rating", "release_date", "title", "updated_at") VALUES (?, ?, ?, ?, ?, ?)  [["created_at", Thu, 29 May 2014 23:35:09 UTC +00:00], ["description", nil], ["rating", "R"], ["release_date", Wed, 25 Apr 2001 00:00:00 UTC +00:00], ["title", "Amelie"], ["updated_at", Thu, 29 May 2014 23:35:09 UTC +00:00]]
  [1m[36m (83.8ms)[0m  [1mcommit transaction[0m
  [1m[35m (0.1ms)[0m  begin transaction
  [1m[36mSQL (0.7ms)[0m  [1mINSERT INTO "movies" ("created_at", "description", "rating", "release_date", "title", "updated_at") VALUES (?, ?, ?, ?, ?, ?)[0m  [["created_at", Thu, 29 May 2014 23:35:09 UTC +00:00], ["description", nil], ["rating", "G"], ["release_date", Sat, 06 Apr 1968 00:00:00 UTC +00:00], ["title", "2001: A Space Odyssey"], ["updated_at", Thu, 29 May 2014 23:35:09 UTC +00:00]]
  [1m[35m (428.3ms)[0m  commit transaction
  [1m[36m (0.4ms)[0m  [1mbegin transaction[0m
  [1m[35mSQL (2.6ms)[0m  INSERT INTO "movies" ("created_at", "description", "rating", "release_date", "title", "updated_at") VALUES (?, ?, ?, ?, ?, ?)  [["created_at", Thu, 29 May 2014 23:35:10 UTC +00:00], ["description", nil], ["rating", "PG"], ["release_date", Fri, 05 Nov 2004 00:00:00 UTC +00:00], ["title", "The Incredibles"], ["updated_at", Thu, 29 May 2014 23:35:10 UTC +00:00]]
  [1m[36m (258.9ms)[0m  [1mcommit transaction[0m
  [1m[35m (0.2ms)[0m  begin transaction
  [1m[36mSQL (1.7ms)[0m  [1mINSERT INTO "movies" ("created_at", "description", "rating", "release_date", "title", "updated_at") VALUES (?, ?, ?, ?, ?, ?)[0m  [["created_at", Thu, 29 May 2014 23:35:10 UTC +00:00], ["description", nil], ["rating", "PG"], ["release_date", Fri, 12 Jun 1981 00:00:00 UTC +00:00], ["title", "Raiders of the Lost Ark"], ["updated_at", Thu, 29 May 2014 23:35:10 UTC +00:00]]
  [1m[35m (306.9ms)[0m  commit transaction
  [1m[36m (0.1ms)[0m  [1mbegin transaction[0m
  [1m[35mSQL (2.2ms)[0m  INSERT INTO "movies" ("created_at", "description", "rating", "release_date", "title", "updated_at") VALUES (?, ?, ?, ?, ?, ?)  [["created_at", Thu, 29 May 2014 23:35:10 UTC +00:00], ["description", nil], ["rating", "G"], ["release_date", Wed, 21 Jun 2000 00:00:00 UTC +00:00], ["title", "Chicken Run"], ["updated_at", Thu, 29 May 2014 23:35:10 UTC +00:00]]
  [1m[36m (1023.3ms)[0m  [1mcommit transaction[0m


Started GET "/assets/rails.png" for 127.0.0.1 at 2014-05-29 19:36:56 -0400
Connecting to database specified by database.yml
Served asset /rails.png - 200 OK (43ms)


Started GET "/assets/rails.png" for 127.0.0.1 at 2014-05-29 19:37:02 -0400
Served asset /rails.png - 304 Not Modified (0ms)


Started GET "/movies" for 127.0.0.1 at 2014-05-29 19:50:01 -0400
Connecting to database specified by database.yml
Processing by MoviesController#index as HTML
  [1m[36mMovie Load (0.4ms)[0m  [1mSELECT "movies".* FROM "movies" [0m
  Rendered movies/index.html.haml within layouts/application (12.4ms)
Compiled application.css  (0ms)  (pid 3165)
Compiled jquery.js  (15ms)  (pid 3165)
Compiled jquery_ujs.js  (0ms)  (pid 3165)
Compiled application.js  (76ms)  (pid 3165)
Completed 200 OK in 357.9ms (Views: 273.5ms | ActiveRecord: 7.5ms)


Started GET "/assets/application.css?body=1" for 127.0.0.1 at 2014-05-29 19:50:03 -0400
Served asset /application.css - 200 OK (3ms)


Started GET "/assets/jquery.js?body=1" for 127.0.0.1 at 2014-05-29 19:50:03 -0400
Served asset /jquery.js - 200 OK (37ms)


Started GET "/assets/jquery_ujs.js?body=1" for 127.0.0.1 at 2014-05-29 19:50:03 -0400
Served asset /jquery_ujs.js - 200 OK (9ms)


Started GET "/assets/application.js?body=1" for 127.0.0.1 at 2014-05-29 19:50:03 -0400
Served asset /application.js - 200 OK (23ms)


Started GET "/movies" for 127.0.0.1 at 2014-05-29 19:54:25 -0400
Processing by MoviesController#index as HTML
  [1m[35mMovie Load (0.4ms)[0m  SELECT "movies".* FROM "movies" 
  Rendered movies/index.html.haml within layouts/application (29.7ms)
Completed 200 OK in 52.5ms (Views: 41.4ms | ActiveRecord: 0.4ms)


Started GET "/assets/application.css?body=1" for 127.0.0.1 at 2014-05-29 19:54:25 -0400
Served asset /application.css - 304 Not Modified (1ms)


Started GET "/assets/jquery.js?body=1" for 127.0.0.1 at 2014-05-29 19:54:25 -0400
Served asset /jquery.js - 304 Not Modified (20ms)


Started GET "/assets/jquery_ujs.js?body=1" for 127.0.0.1 at 2014-05-29 19:54:26 -0400
Served asset /jquery_ujs.js - 304 Not Modified (0ms)


Started GET "/assets/application.js?body=1" for 127.0.0.1 at 2014-05-29 19:54:26 -0400
Served asset /application.js - 304 Not Modified (16ms)


Started GET "/movies" for 127.0.0.1 at 2014-05-29 19:55:55 -0400
Processing by MoviesController#index as HTML
  [1m[36mMovie Load (0.3ms)[0m  [1mSELECT "movies".* FROM "movies" [0m
  Rendered movies/index.html.haml within layouts/application (10.2ms)
Completed 200 OK in 32.4ms (Views: 30.7ms | ActiveRecord: 0.3ms)


Started GET "/assets/application.css?body=1" for 127.0.0.1 at 2014-05-29 19:55:55 -0400
Served asset /application.css - 304 Not Modified (0ms)


Started GET "/assets/jquery.js?body=1" for 127.0.0.1 at 2014-05-29 19:55:56 -0400
Served asset /jquery.js - 304 Not Modified (15ms)


Started GET "/assets/jquery_ujs.js?body=1" for 127.0.0.1 at 2014-05-29 19:55:56 -0400
Served asset /jquery_ujs.js - 304 Not Modified (13ms)


Started GET "/assets/application.js?body=1" for 127.0.0.1 at 2014-05-29 19:55:56 -0400
Served asset /application.js - 304 Not Modified (17ms)


Started GET "/movies" for 127.0.0.1 at 2014-05-29 19:56:30 -0400
Processing by MoviesController#index as HTML
  [1m[35mMovie Load (0.5ms)[0m  SELECT "movies".* FROM "movies" 
  Rendered movies/index.html.haml within layouts/application (89.6ms)
Completed 200 OK in 111.0ms (Views: 108.2ms | ActiveRecord: 0.5ms)


Started GET "/assets/application.css?body=1" for 127.0.0.1 at 2014-05-29 19:56:30 -0400
Served asset /application.css - 304 Not Modified (0ms)


Started GET "/assets/jquery.js?body=1" for 127.0.0.1 at 2014-05-29 19:56:30 -0400
Served asset /jquery.js - 304 Not Modified (2ms)


Started GET "/assets/jquery_ujs.js?body=1" for 127.0.0.1 at 2014-05-29 19:56:30 -0400
Served asset /jquery_ujs.js - 304 Not Modified (0ms)


Started GET "/assets/application.js?body=1" for 127.0.0.1 at 2014-05-29 19:56:30 -0400
Served asset /application.js - 304 Not Modified (17ms)


Started GET "/movies" for 127.0.0.1 at 2014-05-29 19:56:32 -0400
Processing by MoviesController#index as HTML
  [1m[36mMovie Load (0.3ms)[0m  [1mSELECT "movies".* FROM "movies" [0m
  Rendered movies/index.html.haml within layouts/application (10.2ms)
Completed 200 OK in 37.0ms (Views: 18.1ms | ActiveRecord: 0.3ms)


Started GET "/assets/application.css?body=1" for 127.0.0.1 at 2014-05-29 19:56:32 -0400
Served asset /application.css - 304 Not Modified (12ms)


Started GET "/assets/jquery.js?body=1" for 127.0.0.1 at 2014-05-29 19:56:32 -0400
Served asset /jquery.js - 304 Not Modified (20ms)


Started GET "/assets/application.js?body=1" for 127.0.0.1 at 2014-05-29 19:56:32 -0400
Served asset /application.js - 304 Not Modified (14ms)


Started GET "/assets/jquery_ujs.js?body=1" for 127.0.0.1 at 2014-05-29 19:56:32 -0400
Served asset /jquery_ujs.js - 304 Not Modified (0ms)


Started GET "/movies" for 127.0.0.1 at 2014-05-29 19:56:34 -0400
Processing by MoviesController#index as HTML
  [1m[35mMovie Load (0.4ms)[0m  SELECT "movies".* FROM "movies" 
  Rendered movies/index.html.haml within layouts/application (8.3ms)
Completed 200 OK in 32.2ms (Views: 25.6ms | ActiveRecord: 0.4ms)


Started GET "/assets/application.css?body=1" for 127.0.0.1 at 2014-05-29 19:56:34 -0400
Served asset /application.css - 304 Not Modified (1ms)


Started GET "/assets/jquery_ujs.js?body=1" for 127.0.0.1 at 2014-05-29 19:56:34 -0400
Served asset /jquery_ujs.js - 304 Not Modified (29ms)


Started GET "/assets/jquery.js?body=1" for 127.0.0.1 at 2014-05-29 19:56:34 -0400
Served asset /jquery.js - 304 Not Modified (2ms)


Started GET "/assets/application.js?body=1" for 127.0.0.1 at 2014-05-29 19:56:34 -0400
Served asset /application.js - 304 Not Modified (15ms)


Started GET "/movies" for 127.0.0.1 at 2014-05-29 19:56:36 -0400
Processing by MoviesController#index as HTML
  [1m[36mMovie Load (5.3ms)[0m  [1mSELECT "movies".* FROM "movies" [0m
  Rendered movies/index.html.haml within layouts/application (8.0ms)
Completed 200 OK in 31.5ms (Views: 25.1ms | ActiveRecord: 5.3ms)


Started GET "/assets/application.css?body=1" for 127.0.0.1 at 2014-05-29 19:56:36 -0400
Served asset /application.css - 304 Not Modified (4ms)


Started GET "/assets/jquery_ujs.js?body=1" for 127.0.0.1 at 2014-05-29 19:56:36 -0400
Served asset /jquery_ujs.js - 304 Not Modified (14ms)


Started GET "/assets/jquery.js?body=1" for 127.0.0.1 at 2014-05-29 19:56:36 -0400
Served asset /jquery.js - 304 Not Modified (10ms)


Started GET "/assets/application.js?body=1" for 127.0.0.1 at 2014-05-29 19:56:36 -0400
Served asset /application.js - 304 Not Modified (14ms)


Started GET "/movies" for 127.0.0.1 at 2014-05-29 19:56:57 -0400
Processing by MoviesController#index as HTML
  [1m[35mMovie Load (0.3ms)[0m  SELECT "movies".* FROM "movies" 
  Rendered movies/index.html.haml within layouts/application (9.5ms)
Completed 200 OK in 20.6ms (Views: 19.0ms | ActiveRecord: 0.3ms)


Started GET "/assets/application.css?body=1" for 127.0.0.1 at 2014-05-29 19:56:57 -0400
Served asset /application.css - 304 Not Modified (1ms)


Started GET "/assets/jquery.js?body=1" for 127.0.0.1 at 2014-05-29 19:56:57 -0400
Served asset /jquery.js - 304 Not Modified (49ms)


Started GET "/assets/jquery_ujs.js?body=1" for 127.0.0.1 at 2014-05-29 19:56:57 -0400
Served asset /jquery_ujs.js - 304 Not Modified (7ms)


Started GET "/assets/application.js?body=1" for 127.0.0.1 at 2014-05-29 19:56:57 -0400
Served asset /application.js - 304 Not Modified (7ms)


Started GET "/movies" for 127.0.0.1 at 2014-05-29 20:02:54 -0400
Processing by MoviesController#index as HTML
  [1m[36mMovie Load (4.6ms)[0m  [1mSELECT "movies".* FROM "movies" [0m
  Rendered movies/index.html.haml within layouts/application (19.6ms)
Completed 200 OK in 50.6ms (Views: 27.7ms | ActiveRecord: 5.2ms)


Started GET "/assets/application.css?body=1" for 127.0.0.1 at 2014-05-29 20:02:54 -0400
Served asset /application.css - 304 Not Modified (0ms)


Started GET "/assets/jquery.js?body=1" for 127.0.0.1 at 2014-05-29 20:02:54 -0400
Served asset /jquery.js - 304 Not Modified (53ms)


Started GET "/assets/application.js?body=1" for 127.0.0.1 at 2014-05-29 20:02:54 -0400
Served asset /application.js - 304 Not Modified (29ms)


Started GET "/assets/jquery_ujs.js?body=1" for 127.0.0.1 at 2014-05-29 20:02:54 -0400
Served asset /jquery_ujs.js - 304 Not Modified (0ms)


Started GET "/movies?order=title" for 127.0.0.1 at 2014-05-29 20:02:56 -0400
Processing by MoviesController#index as HTML
  Parameters: {"order"=>"title"}
  [1m[35mMovie Load (5.2ms)[0m  SELECT "movies".* FROM "movies" ORDER BY title ASC
  Rendered movies/index.html.haml within layouts/application (5.8ms)
Completed 200 OK in 19.4ms (Views: 12.5ms | ActiveRecord: 5.2ms)


Started GET "/assets/application.css?body=1" for 127.0.0.1 at 2014-05-29 20:02:56 -0400
Served asset /application.css - 304 Not Modified (3ms)


Started GET "/assets/jquery.js?body=1" for 127.0.0.1 at 2014-05-29 20:02:56 -0400
Served asset /jquery.js - 304 Not Modified (28ms)


Started GET "/assets/application.js?body=1" for 127.0.0.1 at 2014-05-29 20:02:56 -0400
Served asset /application.js - 304 Not Modified (3ms)


Started GET "/assets/jquery_ujs.js?body=1" for 127.0.0.1 at 2014-05-29 20:02:56 -0400
Served asset /jquery_ujs.js - 304 Not Modified (0ms)


Started GET "/movies?order=title" for 127.0.0.1 at 2014-05-29 20:03:20 -0400
Processing by MoviesController#index as HTML
  Parameters: {"order"=>"title"}
  [1m[36mMovie Load (0.3ms)[0m  [1mSELECT "movies".* FROM "movies" ORDER BY title ASC[0m
  Rendered movies/index.html.haml within layouts/application (11.4ms)
Completed 200 OK in 100.0ms (Views: 93.1ms | ActiveRecord: 0.3ms)


Started GET "/assets/application.css?body=1" for 127.0.0.1 at 2014-05-29 20:03:21 -0400
Served asset /application.css - 304 Not Modified (2ms)


Started GET "/assets/jquery.js?body=1" for 127.0.0.1 at 2014-05-29 20:03:21 -0400
Served asset /jquery.js - 304 Not Modified (36ms)


Started GET "/assets/jquery_ujs.js?body=1" for 127.0.0.1 at 2014-05-29 20:03:21 -0400
Served asset /jquery_ujs.js - 304 Not Modified (11ms)


Started GET "/assets/application.js?body=1" for 127.0.0.1 at 2014-05-29 20:03:21 -0400
Served asset /application.js - 304 Not Modified (15ms)


Started GET "/movies?order=release_date" for 127.0.0.1 at 2014-05-29 20:03:23 -0400
Processing by MoviesController#index as HTML
  Parameters: {"order"=>"release_date"}
  [1m[35mMovie Load (7.3ms)[0m  SELECT "movies".* FROM "movies" ORDER BY release_date ASC
  Rendered movies/index.html.haml within layouts/application (8.4ms)
Completed 200 OK in 29.2ms (Views: 20.8ms | ActiveRecord: 7.3ms)


Started GET "/assets/application.css?body=1" for 127.0.0.1 at 2014-05-29 20:03:23 -0400
Served asset /application.css - 304 Not Modified (2ms)


Started GET "/assets/jquery_ujs.js?body=1" for 127.0.0.1 at 2014-05-29 20:03:23 -0400
Served asset /jquery_ujs.js - 304 Not Modified (9ms)


Started GET "/assets/jquery.js?body=1" for 127.0.0.1 at 2014-05-29 20:03:23 -0400
Served asset /jquery.js - 304 Not Modified (16ms)


Started GET "/assets/application.js?body=1" for 127.0.0.1 at 2014-05-29 20:03:23 -0400
Served asset /application.js - 304 Not Modified (17ms)


Started GET "/movies?order=release_date" for 127.0.0.1 at 2014-05-29 20:03:26 -0400
Processing by MoviesController#index as HTML
  Parameters: {"order"=>"release_date"}
  [1m[36mMovie Load (0.3ms)[0m  [1mSELECT "movies".* FROM "movies" ORDER BY release_date ASC[0m
  Rendered movies/index.html.haml within layouts/application (10.5ms)
Completed 200 OK in 25.9ms (Views: 24.0ms | ActiveRecord: 0.3ms)


Started GET "/assets/application.css?body=1" for 127.0.0.1 at 2014-05-29 20:03:26 -0400
Served asset /application.css - 304 Not Modified (7ms)


Started GET "/assets/jquery.js?body=1" for 127.0.0.1 at 2014-05-29 20:03:26 -0400
Served asset /jquery.js - 304 Not Modified (27ms)


Started GET "/assets/application.js?body=1" for 127.0.0.1 at 2014-05-29 20:03:26 -0400
Served asset /application.js - 304 Not Modified (19ms)


Started GET "/assets/jquery_ujs.js?body=1" for 127.0.0.1 at 2014-05-29 20:03:26 -0400
Served asset /jquery_ujs.js - 304 Not Modified (8ms)


Started GET "/movies?order=release_date" for 127.0.0.1 at 2014-05-29 20:03:28 -0400
Processing by MoviesController#index as HTML
  Parameters: {"order"=>"release_date"}
  [1m[35mMovie Load (0.4ms)[0m  SELECT "movies".* FROM "movies" ORDER BY release_date ASC
  Rendered movies/index.html.haml within layouts/application (4.8ms)
Completed 200 OK in 14.7ms (Views: 13.5ms | ActiveRecord: 0.4ms)


Started GET "/assets/application.css?body=1" for 127.0.0.1 at 2014-05-29 20:03:28 -0400
Served asset /application.css - 304 Not Modified (4ms)


Started GET "/assets/jquery.js?body=1" for 127.0.0.1 at 2014-05-29 20:03:28 -0400
Served asset /jquery.js - 304 Not Modified (25ms)


Started GET "/assets/application.js?body=1" for 127.0.0.1 at 2014-05-29 20:03:28 -0400
Served asset /application.js - 304 Not Modified (15ms)


Started GET "/assets/jquery_ujs.js?body=1" for 127.0.0.1 at 2014-05-29 20:03:28 -0400
Served asset /jquery_ujs.js - 304 Not Modified (0ms)


Started GET "/movies?order=title" for 127.0.0.1 at 2014-05-29 20:03:32 -0400
Processing by MoviesController#index as HTML
  Parameters: {"order"=>"title"}
  [1m[36mMovie Load (4.6ms)[0m  [1mSELECT "movies".* FROM "movies" ORDER BY title ASC[0m
  Rendered movies/index.html.haml within layouts/application (13.5ms)
Completed 200 OK in 29.1ms (Views: 23.2ms | ActiveRecord: 4.6ms)


Started GET "/assets/application.css?body=1" for 127.0.0.1 at 2014-05-29 20:03:32 -0400
Served asset /application.css - 304 Not Modified (0ms)


Started GET "/assets/jquery.js?body=1" for 127.0.0.1 at 2014-05-29 20:03:32 -0400
Served asset /jquery.js - 304 Not Modified (63ms)


Started GET "/assets/jquery_ujs.js?body=1" for 127.0.0.1 at 2014-05-29 20:03:32 -0400
Served asset /jquery_ujs.js - 304 Not Modified (21ms)


Started GET "/assets/application.js?body=1" for 127.0.0.1 at 2014-05-29 20:03:32 -0400
Served asset /application.js - 304 Not Modified (35ms)


Started GET "/movies?order=title" for 127.0.0.1 at 2014-05-29 20:08:59 -0400
Processing by MoviesController#index as HTML
  Parameters: {"order"=>"title"}
  [1m[35mMovie Load (0.4ms)[0m  SELECT "movies".* FROM "movies" ORDER BY title ASC
  Rendered movies/index.html.haml within layouts/application (67.3ms)
Completed 500 Internal Server Error in 98.0ms

ActionView::Template::Error (Inconsistent indentation: 1 tab used for indentation, but the rest of the document was indented using 2 spaces.):
    7:       - if @hilite = "title"
    8:         %th.hilite#title_header= link_to "Movie Title", movies_path(order: "title")
    9:       - else
    10: 	%th#title_header= link_to "Movie Title", movies_path(order: "title")
    11:       %th Rating
    12:       - if @hilite = "release_date"
    13:         %th.hilite#release_date_header= link_to "Release Date", movies_path(order: "release_date")
  app/views/movies/index.html.haml:10


  Rendered /home/saasbook/.rvm/gems/ruby-1.9.3-p448/gems/actionpack-3.2.18/lib/action_dispatch/middleware/templates/rescues/_trace.erb (1.3ms)
  Rendered /home/saasbook/.rvm/gems/ruby-1.9.3-p448/gems/actionpack-3.2.18/lib/action_dispatch/middleware/templates/rescues/_request_and_response.erb (1.0ms)
  Rendered /home/saasbook/.rvm/gems/ruby-1.9.3-p448/gems/actionpack-3.2.18/lib/action_dispatch/middleware/templates/rescues/template_error.erb within rescues/layout (21.3ms)


Started GET "/movies?order=title" for 127.0.0.1 at 2014-05-29 20:09:56 -0400
Processing by MoviesController#index as HTML
  Parameters: {"order"=>"title"}
  [1m[36mMovie Load (4.6ms)[0m  [1mSELECT "movies".* FROM "movies" ORDER BY title ASC[0m
  Rendered movies/index.html.haml within layouts/application (0.9ms)
Completed 500 Internal Server Error in 17.9ms

ActionView::Template::Error (Inconsistent indentation: 1 tab used for indentation, but the rest of the document was indented using 2 spaces.):
    4: %table#movies
    5:   %thead
    6:     %tr
    7: 	- if @hilite = "title"
    8: 	%th.hilite#title_header= link_to "Movie Title", movies_path(order: "title")
    9: 	- else
    10: 	%th#title_header= link_to "Movie Title", movies_path(order: "title")
  app/views/movies/index.html.haml:7


  Rendered /home/saasbook/.rvm/gems/ruby-1.9.3-p448/gems/actionpack-3.2.18/lib/action_dispatch/middleware/templates/rescues/_trace.erb (9.4ms)
  Rendered /home/saasbook/.rvm/gems/ruby-1.9.3-p448/gems/actionpack-3.2.18/lib/action_dispatch/middleware/templates/rescues/_request_and_response.erb (1.2ms)
  Rendered /home/saasbook/.rvm/gems/ruby-1.9.3-p448/gems/actionpack-3.2.18/lib/action_dispatch/middleware/templates/rescues/template_error.erb within rescues/layout (30.7ms)


Started GET "/movies?order=title" for 127.0.0.1 at 2014-05-29 20:11:12 -0400
Processing by MoviesController#index as HTML
  Parameters: {"order"=>"title"}
  [1m[35mMovie Load (0.3ms)[0m  SELECT "movies".* FROM "movies" ORDER BY title ASC
  Rendered movies/index.html.haml within layouts/application (0.9ms)
Completed 500 Internal Server Error in 12.2ms

ActionView::Template::Error (Inconsistent indentation: 2 tabs used for indentation, but the rest of the document was indented using 2 spaces.):
    4: %table#movies
    5:   %thead
    6:     %tr
    7: 		- if @hilite = "title"
    8: 			%th.hilite#title_header= link_to "Movie Title", movies_path(order: "title")
    9: 		- else
    10: 			%th#title_header= link_to "Movie Title", movies_path(order: "title")
  app/views/movies/index.html.haml:7


  Rendered /home/saasbook/.rvm/gems/ruby-1.9.3-p448/gems/actionpack-3.2.18/lib/action_dispatch/middleware/templates/rescues/_trace.erb (1.6ms)
  Rendered /home/saasbook/.rvm/gems/ruby-1.9.3-p448/gems/actionpack-3.2.18/lib/action_dispatch/middleware/templates/rescues/_request_and_response.erb (1.4ms)
  Rendered /home/saasbook/.rvm/gems/ruby-1.9.3-p448/gems/actionpack-3.2.18/lib/action_dispatch/middleware/templates/rescues/template_error.erb within rescues/layout (30.0ms)


Started GET "/movies?order=title" for 127.0.0.1 at 2014-05-29 20:12:20 -0400
Processing by MoviesController#index as HTML
  Parameters: {"order"=>"title"}
  [1m[36mMovie Load (0.3ms)[0m  [1mSELECT "movies".* FROM "movies" ORDER BY title ASC[0m
  Rendered movies/index.html.haml within layouts/application (12.5ms)
Completed 200 OK in 42.1ms (Views: 34.7ms | ActiveRecord: 0.3ms)


Started GET "/assets/application.css?body=1" for 127.0.0.1 at 2014-05-29 20:12:20 -0400
Served asset /application.css - 304 Not Modified (6ms)


Started GET "/assets/jquery_ujs.js?body=1" for 127.0.0.1 at 2014-05-29 20:12:20 -0400
Served asset /jquery_ujs.js - 304 Not Modified (7ms)


Started GET "/assets/jquery.js?body=1" for 127.0.0.1 at 2014-05-29 20:12:20 -0400
Served asset /jquery.js - 304 Not Modified (2ms)


Started GET "/assets/application.js?body=1" for 127.0.0.1 at 2014-05-29 20:12:20 -0400
Served asset /application.js - 304 Not Modified (13ms)


Started GET "/movies?order=title" for 127.0.0.1 at 2014-05-29 20:12:28 -0400
Processing by MoviesController#index as HTML
  Parameters: {"order"=>"title"}
  [1m[35mMovie Load (0.3ms)[0m  SELECT "movies".* FROM "movies" ORDER BY title ASC
  Rendered movies/index.html.haml within layouts/application (4.9ms)
Completed 200 OK in 25.3ms (Views: 23.6ms | ActiveRecord: 0.3ms)


Started GET "/assets/application.css?body=1" for 127.0.0.1 at 2014-05-29 20:12:28 -0400
Served asset /application.css - 304 Not Modified (0ms)


Started GET "/assets/jquery.js?body=1" for 127.0.0.1 at 2014-05-29 20:12:29 -0400
Served asset /jquery.js - 304 Not Modified (43ms)


Started GET "/assets/application.js?body=1" for 127.0.0.1 at 2014-05-29 20:12:29 -0400
Served asset /application.js - 304 Not Modified (15ms)


Started GET "/assets/jquery_ujs.js?body=1" for 127.0.0.1 at 2014-05-29 20:12:29 -0400
Served asset /jquery_ujs.js - 304 Not Modified (0ms)


Started GET "/movies?order=title" for 127.0.0.1 at 2014-05-29 20:15:58 -0400
Connecting to database specified by database.yml
Processing by MoviesController#index as HTML
  Parameters: {"order"=>"title"}
  [1m[36mMovie Load (0.6ms)[0m  [1mSELECT "movies".* FROM "movies" ORDER BY title ASC[0m
  Rendered movies/index.html.haml within layouts/application (27.7ms)
Completed 200 OK in 239.0ms (Views: 166.7ms | ActiveRecord: 7.3ms)


Started GET "/assets/application.css?body=1" for 127.0.0.1 at 2014-05-29 20:16:00 -0400
Served asset /application.css - 304 Not Modified (2ms)


Started GET "/assets/jquery.js?body=1" for 127.0.0.1 at 2014-05-29 20:16:00 -0400
Served asset /jquery.js - 304 Not Modified (75ms)


Started GET "/assets/application.js?body=1" for 127.0.0.1 at 2014-05-29 20:16:00 -0400
Served asset /application.js - 304 Not Modified (41ms)


Started GET "/assets/jquery_ujs.js?body=1" for 127.0.0.1 at 2014-05-29 20:16:00 -0400
Served asset /jquery_ujs.js - 304 Not Modified (10ms)


Started GET "/movies?order=title" for 127.0.0.1 at 2014-05-29 20:17:05 -0400
Processing by MoviesController#index as HTML
  Parameters: {"order"=>"title"}
  [1m[35mMovie Load (0.5ms)[0m  SELECT "movies".* FROM "movies" ORDER BY title ASC
  Rendered movies/index.html.haml within layouts/application (7.1ms)
Completed 200 OK in 21.4ms (Views: 19.1ms | ActiveRecord: 0.5ms)


Started GET "/assets/application.css?body=1" for 127.0.0.1 at 2014-05-29 20:17:05 -0400
Served asset /application.css - 304 Not Modified (0ms)


Started GET "/assets/jquery.js?body=1" for 127.0.0.1 at 2014-05-29 20:17:05 -0400
Served asset /jquery.js - 304 Not Modified (35ms)


Started GET "/assets/application.js?body=1" for 127.0.0.1 at 2014-05-29 20:17:05 -0400
Served asset /application.js - 304 Not Modified (24ms)


Started GET "/assets/jquery_ujs.js?body=1" for 127.0.0.1 at 2014-05-29 20:17:05 -0400
Served asset /jquery_ujs.js - 304 Not Modified (0ms)


Started GET "/movies?order=title" for 127.0.0.1 at 2014-05-29 20:21:30 -0400
Connecting to database specified by database.yml
Processing by MoviesController#index as HTML
  Parameters: {"order"=>"title"}
  [1m[36mMovie Load (0.4ms)[0m  [1mSELECT "movies".* FROM "movies" ORDER BY title ASC[0m
  Rendered movies/index.html.haml within layouts/application (13.8ms)
Compiled application.css  (0ms)  (pid 3433)
Compiled jquery.js  (7ms)  (pid 3433)
Compiled jquery_ujs.js  (0ms)  (pid 3433)
Compiled application.js  (108ms)  (pid 3433)
Completed 200 OK in 357.2ms (Views: 288.3ms | ActiveRecord: 8.4ms)


Started GET "/assets/jquery.js?body=1" for 127.0.0.1 at 2014-05-29 20:21:32 -0400
Served asset /jquery.js - 304 Not Modified (94ms)


Started GET "/assets/jquery_ujs.js?body=1" for 127.0.0.1 at 2014-05-29 20:21:32 -0400
Served asset /jquery_ujs.js - 304 Not Modified (21ms)


Started GET "/movies?order=title" for 127.0.0.1 at 2014-05-29 20:21:35 -0400
Processing by MoviesController#index as HTML
  Parameters: {"order"=>"title"}
  [1m[35mMovie Load (5.0ms)[0m  SELECT "movies".* FROM "movies" ORDER BY title ASC
  Rendered movies/index.html.haml within layouts/application (27.4ms)
Completed 200 OK in 48.1ms (Views: 41.1ms | ActiveRecord: 5.0ms)


Started GET "/assets/jquery.js?body=1" for 127.0.0.1 at 2014-05-29 20:21:35 -0400
Served asset /jquery.js - 304 Not Modified (29ms)


Started GET "/assets/jquery_ujs.js?body=1" for 127.0.0.1 at 2014-05-29 20:21:35 -0400
Served asset /jquery_ujs.js - 304 Not Modified (0ms)


Started GET "/movies?order=release_date" for 127.0.0.1 at 2014-05-29 20:21:37 -0400
Processing by MoviesController#index as HTML
  Parameters: {"order"=>"release_date"}
  [1m[36mMovie Load (0.3ms)[0m  [1mSELECT "movies".* FROM "movies" ORDER BY release_date ASC[0m
  Rendered movies/index.html.haml within layouts/application (17.4ms)
Completed 200 OK in 33.2ms (Views: 31.7ms | ActiveRecord: 0.3ms)


Started GET "/assets/jquery.js?body=1" for 127.0.0.1 at 2014-05-29 20:21:37 -0400
Served asset /jquery.js - 304 Not Modified (10ms)


Started GET "/assets/jquery_ujs.js?body=1" for 127.0.0.1 at 2014-05-29 20:21:37 -0400
Served asset /jquery_ujs.js - 304 Not Modified (6ms)


Started GET "/movies?order=release_date" for 127.0.0.1 at 2014-05-29 20:23:01 -0400
Processing by MoviesController#index as HTML
  Parameters: {"order"=>"release_date"}
  [1m[35mMovie Load (7.2ms)[0m  SELECT "movies".* FROM "movies" ORDER BY release_date ASC
  Rendered movies/index.html.haml within layouts/application (8.5ms)
Completed 200 OK in 36.5ms (Views: 27.6ms | ActiveRecord: 7.2ms)


Started GET "/assets/jquery.js?body=1" for 127.0.0.1 at 2014-05-29 20:23:01 -0400
Served asset /jquery.js - 304 Not Modified (46ms)


Started GET "/assets/jquery_ujs.js?body=1" for 127.0.0.1 at 2014-05-29 20:23:01 -0400
Served asset /jquery_ujs.js - 304 Not Modified (0ms)


Started GET "/movies?order=release_date" for 127.0.0.1 at 2014-05-29 20:23:03 -0400
Processing by MoviesController#index as HTML
  Parameters: {"order"=>"release_date"}
  [1m[36mMovie Load (0.5ms)[0m  [1mSELECT "movies".* FROM "movies" ORDER BY release_date ASC[0m
  Rendered movies/index.html.haml within layouts/application (22.2ms)
Completed 200 OK in 45.6ms (Views: 43.3ms | ActiveRecord: 0.5ms)


Started GET "/assets/jquery.js?body=1" for 127.0.0.1 at 2014-05-29 20:23:03 -0400
Served asset /jquery.js - 304 Not Modified (22ms)


Started GET "/assets/jquery_ujs.js?body=1" for 127.0.0.1 at 2014-05-29 20:23:03 -0400
Served asset /jquery_ujs.js - 304 Not Modified (4ms)
Compiled jquery.js  (2ms)  (pid 3488)
Compiled jquery_ujs.js  (0ms)  (pid 3488)
Compiled application.js  (45ms)  (pid 3488)
Compiled application.css  (0ms)  (pid 3488)


Started GET "/movies?order=release_date" for 127.0.0.1 at 2014-05-29 20:26:01 -0400
Connecting to database specified by database.yml
Processing by MoviesController#index as HTML
  Parameters: {"order"=>"release_date"}
  [1m[36mMovie Load (0.4ms)[0m  [1mSELECT "movies".* FROM "movies" ORDER BY release_date ASC[0m
  Rendered movies/index.html.haml within layouts/application (16.8ms)
Completed 200 OK in 253.9ms (Views: 178.8ms | ActiveRecord: 6.6ms)


Started GET "/assets/jquery.js?body=1" for 127.0.0.1 at 2014-05-29 20:26:02 -0400
Served asset /jquery.js - 304 Not Modified (76ms)


Started GET "/assets/jquery_ujs.js?body=1" for 127.0.0.1 at 2014-05-29 20:26:02 -0400
Served asset /jquery_ujs.js - 304 Not Modified (19ms)


Started GET "/movies?order=title" for 127.0.0.1 at 2014-05-29 20:26:20 -0400
Processing by MoviesController#index as HTML
  Parameters: {"order"=>"title"}
  [1m[35mMovie Load (0.5ms)[0m  SELECT "movies".* FROM "movies" ORDER BY title ASC
  Rendered movies/index.html.haml within layouts/application (14.8ms)
Completed 200 OK in 42.8ms (Views: 40.7ms | ActiveRecord: 0.5ms)


Started GET "/assets/jquery.js?body=1" for 127.0.0.1 at 2014-05-29 20:26:21 -0400
Served asset /jquery.js - 304 Not Modified (22ms)


Started GET "/assets/jquery_ujs.js?body=1" for 127.0.0.1 at 2014-05-29 20:26:21 -0400
Served asset /jquery_ujs.js - 304 Not Modified (0ms)


Started GET "/movies?order=title" for 127.0.0.1 at 2014-05-29 20:26:26 -0400
Processing by MoviesController#index as HTML
  Parameters: {"order"=>"title"}
  [1m[36mMovie Load (0.3ms)[0m  [1mSELECT "movies".* FROM "movies" ORDER BY title ASC[0m
  Rendered movies/index.html.haml within layouts/application (22.1ms)
Completed 200 OK in 43.5ms (Views: 41.5ms | ActiveRecord: 0.3ms)


Started GET "/assets/jquery.js?body=1" for 127.0.0.1 at 2014-05-29 20:26:26 -0400
Served asset /jquery.js - 304 Not Modified (31ms)


Started GET "/assets/jquery_ujs.js?body=1" for 127.0.0.1 at 2014-05-29 20:26:27 -0400
Served asset /jquery_ujs.js - 304 Not Modified (0ms)


Started GET "/movies?order=title" for 127.0.0.1 at 2014-05-29 20:26:29 -0400
Processing by MoviesController#index as HTML
  Parameters: {"order"=>"title"}
  [1m[35mMovie Load (0.5ms)[0m  SELECT "movies".* FROM "movies" ORDER BY title ASC
  Rendered movies/index.html.haml within layouts/application (16.3ms)
Completed 200 OK in 42.4ms (Views: 36.3ms | ActiveRecord: 0.5ms)


Started GET "/assets/jquery_ujs.js?body=1" for 127.0.0.1 at 2014-05-29 20:26:29 -0400
Served asset /jquery_ujs.js - 304 Not Modified (26ms)


Started GET "/assets/jquery.js?body=1" for 127.0.0.1 at 2014-05-29 20:26:29 -0400
Served asset /jquery.js - 304 Not Modified (13ms)


Started GET "/movies?order=title" for 127.0.0.1 at 2014-05-29 20:26:31 -0400
Processing by MoviesController#index as HTML
  Parameters: {"order"=>"title"}
  [1m[36mMovie Load (0.3ms)[0m  [1mSELECT "movies".* FROM "movies" ORDER BY title ASC[0m
  Rendered movies/index.html.haml within layouts/application (15.8ms)
Completed 200 OK in 43.0ms (Views: 40.5ms | ActiveRecord: 0.3ms)


Started GET "/assets/jquery.js?body=1" for 127.0.0.1 at 2014-05-29 20:26:31 -0400
Served asset /jquery.js - 304 Not Modified (34ms)


Started GET "/assets/jquery_ujs.js?body=1" for 127.0.0.1 at 2014-05-29 20:26:31 -0400
Served asset /jquery_ujs.js - 304 Not Modified (16ms)


Started GET "/movies?order=title" for 127.0.0.1 at 2014-05-29 20:30:24 -0400
Connecting to database specified by database.yml
Processing by MoviesController#index as HTML
  Parameters: {"order"=>"title"}
  [1m[36mMovie Load (0.3ms)[0m  [1mSELECT "movies".* FROM "movies" ORDER BY title ASC[0m
  Rendered movies/index.html.haml within layouts/application (14.9ms)
Compiled application.css  (1ms)  (pid 3534)
Completed 200 OK in 429.7ms (Views: 191.1ms | ActiveRecord: 6.5ms)


Started GET "/assets/jquery.js?body=1" for 127.0.0.1 at 2014-05-29 20:30:26 -0400
Served asset /jquery.js - 304 Not Modified (98ms)


Started GET "/assets/jquery_ujs.js?body=1" for 127.0.0.1 at 2014-05-29 20:30:26 -0400
Served asset /jquery_ujs.js - 304 Not Modified (21ms)


Started GET "/movies?order=title" for 127.0.0.1 at 2014-05-29 20:30:29 -0400
Processing by MoviesController#index as HTML
  Parameters: {"order"=>"title"}
  [1m[35mMovie Load (0.4ms)[0m  SELECT "movies".* FROM "movies" ORDER BY title ASC
  Rendered movies/index.html.haml within layouts/application (9.1ms)
Completed 200 OK in 42.0ms (Views: 33.5ms | ActiveRecord: 0.4ms)


Started GET "/assets/jquery.js?body=1" for 127.0.0.1 at 2014-05-29 20:30:29 -0400
Served asset /jquery.js - 304 Not Modified (13ms)


Started GET "/assets/jquery_ujs.js?body=1" for 127.0.0.1 at 2014-05-29 20:30:29 -0400
Served asset /jquery_ujs.js - 304 Not Modified (0ms)


Started GET "/movies?order=release_date" for 127.0.0.1 at 2014-05-29 20:30:31 -0400
Processing by MoviesController#index as HTML
  Parameters: {"order"=>"release_date"}
  [1m[36mMovie Load (0.3ms)[0m  [1mSELECT "movies".* FROM "movies" ORDER BY release_date ASC[0m
  Rendered movies/index.html.haml within layouts/application (10.9ms)
Completed 200 OK in 31.7ms (Views: 30.2ms | ActiveRecord: 0.3ms)


Started GET "/assets/jquery.js?body=1" for 127.0.0.1 at 2014-05-29 20:30:31 -0400
Served asset /jquery.js - 304 Not Modified (11ms)


Started GET "/assets/jquery_ujs.js?body=1" for 127.0.0.1 at 2014-05-29 20:30:31 -0400
Served asset /jquery_ujs.js - 304 Not Modified (0ms)
Compiled jquery.js  (3ms)  (pid 3607)
Compiled jquery_ujs.js  (0ms)  (pid 3607)
Compiled application.js  (68ms)  (pid 3607)
Compiled application.css  (0ms)  (pid 3607)


Started GET "/movies?order=release_date" for 127.0.0.1 at 2014-05-29 20:34:36 -0400
Connecting to database specified by database.yml
Processing by MoviesController#index as HTML
  Parameters: {"order"=>"release_date"}
  [1m[36mMovie Load (0.5ms)[0m  [1mSELECT "movies".* FROM "movies" ORDER BY release_date ASC[0m
  Rendered movies/index.html.haml within layouts/application (15.5ms)
Completed 200 OK in 326.9ms (Views: 242.6ms | ActiveRecord: 12.1ms)


Started GET "/assets/jquery.js?body=1" for 127.0.0.1 at 2014-05-29 20:34:38 -0400
Served asset /jquery.js - 304 Not Modified (73ms)


Started GET "/assets/jquery_ujs.js?body=1" for 127.0.0.1 at 2014-05-29 20:34:38 -0400
Served asset /jquery_ujs.js - 304 Not Modified (15ms)


Started GET "/movies?order=release_date" for 127.0.0.1 at 2014-05-29 20:34:41 -0400
Processing by MoviesController#index as HTML
  Parameters: {"order"=>"release_date"}
  [1m[35mMovie Load (0.4ms)[0m  SELECT "movies".* FROM "movies" ORDER BY release_date ASC
  Rendered movies/index.html.haml within layouts/application (15.2ms)
Completed 200 OK in 51.4ms (Views: 49.5ms | ActiveRecord: 0.4ms)


Started GET "/assets/jquery.js?body=1" for 127.0.0.1 at 2014-05-29 20:34:41 -0400
Served asset /jquery.js - 304 Not Modified (34ms)


Started GET "/assets/jquery_ujs.js?body=1" for 127.0.0.1 at 2014-05-29 20:34:41 -0400
Served asset /jquery_ujs.js - 304 Not Modified (9ms)


Started GET "/movies?order=release_date" for 127.0.0.1 at 2014-05-29 20:34:43 -0400
Processing by MoviesController#index as HTML
  Parameters: {"order"=>"release_date"}
  [1m[36mMovie Load (0.4ms)[0m  [1mSELECT "movies".* FROM "movies" ORDER BY release_date ASC[0m
  Rendered movies/index.html.haml within layouts/application (19.1ms)
Completed 200 OK in 67.2ms (Views: 65.0ms | ActiveRecord: 0.4ms)


Started GET "/assets/jquery.js?body=1" for 127.0.0.1 at 2014-05-29 20:34:43 -0400
Served asset /jquery.js - 304 Not Modified (33ms)


Started GET "/assets/jquery_ujs.js?body=1" for 127.0.0.1 at 2014-05-29 20:34:43 -0400
Served asset /jquery_ujs.js - 304 Not Modified (1ms)


Started GET "/movies?order=title" for 127.0.0.1 at 2014-05-29 20:34:49 -0400
Processing by MoviesController#index as HTML
  Parameters: {"order"=>"title"}
  [1m[35mMovie Load (1.2ms)[0m  SELECT "movies".* FROM "movies" ORDER BY title ASC
  Rendered movies/index.html.haml within layouts/application (4.0ms)
Completed 200 OK in 41.7ms (Views: 31.2ms | ActiveRecord: 1.2ms)


Started GET "/assets/jquery.js?body=1" for 127.0.0.1 at 2014-05-29 20:34:49 -0400
Served asset /jquery.js - 304 Not Modified (25ms)


Started GET "/assets/jquery_ujs.js?body=1" for 127.0.0.1 at 2014-05-29 20:34:49 -0400
Served asset /jquery_ujs.js - 304 Not Modified (5ms)


Started GET "/movies?order=release_date" for 127.0.0.1 at 2014-05-29 20:34:51 -0400
Processing by MoviesController#index as HTML
  Parameters: {"order"=>"release_date"}
  [1m[36mMovie Load (1.3ms)[0m  [1mSELECT "movies".* FROM "movies" ORDER BY release_date ASC[0m
  Rendered movies/index.html.haml within layouts/application (15.8ms)
Completed 200 OK in 56.3ms (Views: 44.4ms | ActiveRecord: 1.3ms)


Started GET "/assets/jquery_ujs.js?body=1" for 127.0.0.1 at 2014-05-29 20:34:52 -0400
Served asset /jquery_ujs.js - 304 Not Modified (12ms)


Started GET "/assets/jquery.js?body=1" for 127.0.0.1 at 2014-05-29 20:34:52 -0400
Served asset /jquery.js - 304 Not Modified (14ms)


Started GET "/movies?order=release_date" for 127.0.0.1 at 2014-05-29 20:35:20 -0400
Processing by MoviesController#index as HTML
  Parameters: {"order"=>"release_date"}
  [1m[35mMovie Load (0.3ms)[0m  SELECT "movies".* FROM "movies" ORDER BY release_date ASC
  Rendered movies/index.html.haml within layouts/application (27.4ms)
Completed 200 OK in 49.5ms (Views: 39.2ms | ActiveRecord: 0.3ms)


Started GET "/assets/jquery.js?body=1" for 127.0.0.1 at 2014-05-29 20:35:21 -0400
Served asset /jquery.js - 304 Not Modified (11ms)


Started GET "/assets/jquery_ujs.js?body=1" for 127.0.0.1 at 2014-05-29 20:35:21 -0400
Served asset /jquery_ujs.js - 304 Not Modified (19ms)


Started GET "/movies?order=title" for 127.0.0.1 at 2014-05-29 20:35:23 -0400
Processing by MoviesController#index as HTML
  Parameters: {"order"=>"title"}
  [1m[36mMovie Load (5.6ms)[0m  [1mSELECT "movies".* FROM "movies" ORDER BY title ASC[0m
  Rendered movies/index.html.haml within layouts/application (18.8ms)
Completed 200 OK in 43.6ms (Views: 36.4ms | ActiveRecord: 5.6ms)


Started GET "/assets/jquery.js?body=1" for 127.0.0.1 at 2014-05-29 20:35:23 -0400
Served asset /jquery.js - 304 Not Modified (11ms)


Started GET "/assets/jquery_ujs.js?body=1" for 127.0.0.1 at 2014-05-29 20:35:23 -0400
Served asset /jquery_ujs.js - 304 Not Modified (11ms)


Started GET "/movies?order=release_date" for 127.0.0.1 at 2014-05-29 20:35:27 -0400
Processing by MoviesController#index as HTML
  Parameters: {"order"=>"release_date"}
  [1m[35mMovie Load (0.4ms)[0m  SELECT "movies".* FROM "movies" ORDER BY release_date ASC
  Rendered movies/index.html.haml within layouts/application (14.0ms)
Completed 200 OK in 68.4ms (Views: 65.5ms | ActiveRecord: 0.4ms)


Started GET "/assets/jquery.js?body=1" for 127.0.0.1 at 2014-05-29 20:35:27 -0400
Served asset /jquery.js - 304 Not Modified (7ms)


Started GET "/assets/jquery_ujs.js?body=1" for 127.0.0.1 at 2014-05-29 20:35:27 -0400
Served asset /jquery_ujs.js - 304 Not Modified (0ms)


Started GET "/movies?order=release_date" for 127.0.0.1 at 2014-05-29 20:35:32 -0400
Processing by MoviesController#index as HTML
  Parameters: {"order"=>"release_date"}
  [1m[36mMovie Load (0.3ms)[0m  [1mSELECT "movies".* FROM "movies" ORDER BY release_date ASC[0m
  Rendered movies/index.html.haml within layouts/application (3.6ms)
Completed 200 OK in 12.9ms (Views: 11.4ms | ActiveRecord: 0.3ms)


Started GET "/assets/jquery.js?body=1" for 127.0.0.1 at 2014-05-29 20:35:32 -0400
Served asset /jquery.js - 304 Not Modified (27ms)


Started GET "/assets/jquery_ujs.js?body=1" for 127.0.0.1 at 2014-05-29 20:35:32 -0400
Served asset /jquery_ujs.js - 304 Not Modified (0ms)


Started GET "/movies?order=title" for 127.0.0.1 at 2014-05-29 20:35:38 -0400
Processing by MoviesController#index as HTML
  Parameters: {"order"=>"title"}
  [1m[35mMovie Load (1.8ms)[0m  SELECT "movies".* FROM "movies" ORDER BY title ASC
  Rendered movies/index.html.haml within layouts/application (14.1ms)
Completed 200 OK in 29.9ms (Views: 26.8ms | ActiveRecord: 1.8ms)


Started GET "/assets/jquery.js?body=1" for 127.0.0.1 at 2014-05-29 20:35:38 -0400
Served asset /jquery.js - 304 Not Modified (55ms)


Started GET "/assets/jquery_ujs.js?body=1" for 127.0.0.1 at 2014-05-29 20:35:38 -0400
Served asset /jquery_ujs.js - 304 Not Modified (28ms)


Started GET "/movies?order=release_date" for 127.0.0.1 at 2014-05-29 20:35:41 -0400
Processing by MoviesController#index as HTML
  Parameters: {"order"=>"release_date"}
  [1m[36mMovie Load (0.3ms)[0m  [1mSELECT "movies".* FROM "movies" ORDER BY release_date ASC[0m
  Rendered movies/index.html.haml within layouts/application (8.5ms)
Completed 200 OK in 24.5ms (Views: 23.6ms | ActiveRecord: 0.3ms)


Started GET "/assets/jquery.js?body=1" for 127.0.0.1 at 2014-05-29 20:35:41 -0400
Served asset /jquery.js - 304 Not Modified (18ms)


Started GET "/assets/jquery_ujs.js?body=1" for 127.0.0.1 at 2014-05-29 20:35:41 -0400
Served asset /jquery_ujs.js - 304 Not Modified (0ms)
